[2021-12-02 05:24:43.504] [exthost] [info] extension host started
[2021-12-02 05:24:44.375] [exthost] [info] ExtensionService#_doActivateExtension vscode.microsoft-authentication {"startup":false,"extensionId":{"value":"vscode.microsoft-authentication","_lower":"vscode.microsoft-authentication"},"activationEvent":"onAuthenticationRequest:microsoft"}
[2021-12-02 05:24:44.375] [exthost] [info] ExtensionService#loadCommonJSModule file:///usr/share/code/resources/app/extensions/microsoft-authentication/dist/extension.js
[2021-12-02 05:24:44.435] [exthost] [info] ExtensionService#_doActivateExtension vscode.typescript-language-features {"startup":false,"extensionId":{"value":"vscode.typescript-language-features","_lower":"vscode.typescript-language-features"},"activationEvent":"onLanguage:javascript"}
[2021-12-02 05:24:44.435] [exthost] [info] ExtensionService#loadCommonJSModule file:///usr/share/code/resources/app/extensions/typescript-language-features/dist/extension
[2021-12-02 05:24:44.559] [exthost] [info] ExtensionService#_doActivateExtension vscode.debug-auto-launch {"startup":true,"extensionId":{"value":"vscode.debug-auto-launch","_lower":"vscode.debug-auto-launch"},"activationEvent":"*"}
[2021-12-02 05:24:44.561] [exthost] [info] ExtensionService#loadCommonJSModule file:///usr/share/code/resources/app/extensions/debug-auto-launch/dist/extension
[2021-12-02 05:24:44.573] [exthost] [info] ExtensionService#_doActivateExtension vscode.git {"startup":true,"extensionId":{"value":"vscode.github","_lower":"vscode.github"},"activationEvent":"*"}
[2021-12-02 05:24:44.574] [exthost] [info] ExtensionService#loadCommonJSModule file:///usr/share/code/resources/app/extensions/git/dist/main
[2021-12-02 05:24:46.402] [exthost] [info] ExtensionService#_doActivateExtension vscode.github {"startup":true,"extensionId":{"value":"vscode.github","_lower":"vscode.github"},"activationEvent":"*"}
[2021-12-02 05:24:46.450] [exthost] [info] ExtensionService#loadCommonJSModule file:///usr/share/code/resources/app/extensions/github/dist/extension.js
[2021-12-02 05:24:47.683] [exthost] [info] eager extensions activated
[2021-12-02 05:24:48.182] [exthost] [info] ExtensionService#_doActivateExtension ms-vscode.js-debug {"startup":false,"extensionId":{"value":"ms-vscode.js-debug","_lower":"ms-vscode.js-debug"},"activationEvent":"onCommand:extension.js-debug.clearAutoAttachVariables"}
[2021-12-02 05:24:48.182] [exthost] [info] ExtensionService#loadCommonJSModule file:///usr/share/code/resources/app/extensions/ms-vscode.js-debug/src/extension.js
[2021-12-02 05:24:51.744] [exthost] [info] ExtensionService#_doActivateExtension vscode.emmet {"startup":false,"extensionId":{"value":"vscode.emmet","_lower":"vscode.emmet"},"activationEvent":"onStartupFinished"}
[2021-12-02 05:24:51.744] [exthost] [info] ExtensionService#loadCommonJSModule file:///usr/share/code/resources/app/extensions/emmet/dist/node/emmetNodeMain
[2021-12-02 05:24:51.890] [exthost] [info] ExtensionService#_doActivateExtension vscode.merge-conflict {"startup":false,"extensionId":{"value":"vscode.merge-conflict","_lower":"vscode.merge-conflict"},"activationEvent":"onStartupFinished"}
[2021-12-02 05:24:51.890] [exthost] [info] ExtensionService#loadCommonJSModule file:///usr/share/code/resources/app/extensions/merge-conflict/dist/mergeConflictMain
[2021-12-02 05:24:52.093] [exthost] [info] ExtensionService#_doActivateExtension vscode.testing-editor-contributions {"startup":false,"extensionId":{"value":"vscode.testing-editor-contributions","_lower":"vscode.testing-editor-contributions"},"activationEvent":"onStartupFinished"}
[2021-12-02 05:24:52.093] [exthost] [info] ExtensionService#loadCommonJSModule file:///usr/share/code/resources/app/extensions/testing-editor-contributions/dist/extension.js
[2021-12-02 05:24:55.187] [exthost] [info] ExtensionService#_doActivateExtension vscode.github-authentication {"startup":false,"extensionId":{"value":"vscode.github-authentication","_lower":"vscode.github-authentication"},"activationEvent":"onAuthenticationRequest:github"}
[2021-12-02 05:24:55.187] [exthost] [info] ExtensionService#loadCommonJSModule file:///usr/share/code/resources/app/extensions/github-authentication/dist/extension.js
[2021-12-02 05:24:56.000] [exthost] [info] extension host terminating: renderer closed the socket
[2021-12-02 05:24:56.136] [exthost] [error] ProxyResolver#resolveProxy Canceled: Canceled
	at Object.i [as canceled] (/usr/share/code/resources/app/out/vs/workbench/services/extensions/node/extensionHostProcess.js:5:1157)
	at /usr/share/code/resources/app/out/vs/workbench/services/extensions/node/extensionHostProcess.js:88:8146
	at Array.forEach (<anonymous>)
	at u.dispose (/usr/share/code/resources/app/out/vs/workbench/services/extensions/node/extensionHostProcess.js:88:8094)
	at b.terminate (/usr/share/code/resources/app/out/vs/workbench/services/extensions/node/extensionHostProcess.js:93:682)
	at h (/usr/share/code/resources/app/out/vs/workbench/services/extensions/node/extensionHostProcess.js:103:31703)
	at Socket.<anonymous> (/usr/share/code/resources/app/out/vs/workbench/services/extensions/node/extensionHostProcess.js:103:29468)
	at Socket.emit (events.js:327:22)
	at Pipe.<anonymous> (net.js:673:12) 
[2021-12-02 05:24:56.355] [exthost] [error] ProxyResolver#resolveProxy Canceled: Canceled
	at Object.i [as canceled] (/usr/share/code/resources/app/out/vs/workbench/services/extensions/node/extensionHostProcess.js:5:1157)
	at u._remoteCall (/usr/share/code/resources/app/out/vs/workbench/services/extensions/node/extensionHostProcess.js:88:12817)
	at Proxy._.<computed>.D.charCodeAt._.<computed> (/usr/share/code/resources/app/out/vs/workbench/services/extensions/node/extensionHostProcess.js:88:9349)
	at D.resolveProxy (/usr/share/code/resources/app/out/vs/workbench/services/extensions/node/extensionHostProcess.js:88:36547)
	at Object.resolveProxy (/usr/share/code/resources/app/out/vs/workbench/services/extensions/node/extensionHostProcess.js:93:57068)
	at useProxySettings (/usr/share/code/resources/app/node_modules.asar/vscode-proxy-agent/out/index.js:159:16)
	at /usr/share/code/resources/app/node_modules.asar/vscode-proxy-agent/out/index.js:107:13
	at /usr/share/code/resources/app/node_modules.asar/vscode-proxy-agent/out/index.js:335:13
	at processTicksAndRejections (internal/process/task_queues.js:93:5) 
[2021-12-02 05:24:57.087] [exthost] [info] exiting with code 0
